<?xml version="1.0" encoding="UTF-8"?>
<!-- Generated by org.testng.reporters.JUnitReportReporter -->
<testsuite skipped="0" hostname="DESKTOP-O35KBGH" name="com.qa.test.TestFastJson" tests="2" failures="0" timestamp="18 九月 2019 07:57:36 GMT" time="0.114" errors="0">
  <testcase name="objectTOJosn" time="0.019" classname="com.qa.test.TestFastJson"/>
  <testcase name="JsonTOObject" time="0.095" classname="com.qa.test.TestFastJson"/>
</testsuite> <!-- com.qa.test.TestFastJson -->
